{"level":"info","message":"Password reset request for non-existent email:"}
{"level":"info","message":"Password reset request for non-existent email:"}
{"accepted":["elasly@gmail.com"],"ehlo":["SIZE 35882577","8BITMIME","AUTH LOGIN PLAIN XOAUTH2 PLAIN-CLIENTTOKEN OAUTHBEARER XOAUTH","ENHANCEDSTATUSCODES","PIPELINING","CHUNKING","SMTPUTF8"],"envelope":{"from":"Amr.Mostafa@gsolutionme.com","to":["elasly@gmail.com"]},"envelopeTime":576,"level":"info","message":"Password reset email sent:","messageId":"<4c20bcc5-5641-3270-8fa2-5058f36ae7a2@gsolutionme.com>","messageSize":719,"messageTime":680,"rejected":[],"response":"250 2.0.0 OK  1710355593 bq12-20020a5d5a0c000000b0033ea499c645sm4020488wrb.4 - gsmtp"}
{"accepted":["elasly@gmail.com"],"ehlo":["SIZE 35882577","8BITMIME","AUTH LOGIN PLAIN XOAUTH2 PLAIN-CLIENTTOKEN OAUTHBEARER XOAUTH","ENHANCEDSTATUSCODES","PIPELINING","CHUNKING","SMTPUTF8"],"envelope":{"from":"Amr.Mostafa@gsolutionme.com","to":["elasly@gmail.com"]},"envelopeTime":500,"level":"info","message":"Password reset email sent:","messageId":"<23b10421-75e5-e97f-b54d-cba3ab269b83@gsolutionme.com>","messageSize":719,"messageTime":739,"rejected":[],"response":"250 2.0.0 OK  1710377943 t6-20020a05600c450600b004133365bbc6sm3907158wmo.19 - gsmtp"}
{"accepted":["elasly@gmail.com"],"ehlo":["SIZE 35882577","8BITMIME","AUTH LOGIN PLAIN XOAUTH2 PLAIN-CLIENTTOKEN OAUTHBEARER XOAUTH","ENHANCEDSTATUSCODES","PIPELINING","CHUNKING","SMTPUTF8"],"envelope":{"from":"Amr.Mostafa@gsolutionme.com","to":["elasly@gmail.com"]},"envelopeTime":385,"level":"info","message":"Password reset email sent:","messageId":"<c5d0b608-8dcb-f855-25e4-d3cf111b6ea1@gsolutionme.com>","messageSize":719,"messageTime":769,"rejected":[],"response":"250 2.0.0 OK  1710378388 f13-20020a05600c154d00b00413f25d9104sm308259wmg.40 - gsmtp"}
{"accepted":["elasly@gmail.com"],"ehlo":["SIZE 35882577","8BITMIME","AUTH LOGIN PLAIN XOAUTH2 PLAIN-CLIENTTOKEN OAUTHBEARER XOAUTH","ENHANCEDSTATUSCODES","PIPELINING","CHUNKING","SMTPUTF8"],"envelope":{"from":"Amr.Mostafa@gsolutionme.com","to":["elasly@gmail.com"]},"envelopeTime":406,"level":"info","message":"Password reset email sent:","messageId":"<7b44ad65-266f-b672-3310-04cc5d4c82fc@gsolutionme.com>","messageSize":719,"messageTime":674,"rejected":[],"response":"250 2.0.0 OK  1710378743 l24-20020a05600c1d1800b00413e6a1935dsm704942wms.36 - gsmtp"}
{"accepted":["elasly@gmail.com"],"ehlo":["SIZE 35882577","8BITMIME","AUTH LOGIN PLAIN XOAUTH2 PLAIN-CLIENTTOKEN OAUTHBEARER XOAUTH","ENHANCEDSTATUSCODES","PIPELINING","CHUNKING","SMTPUTF8"],"envelope":{"from":"Amr.Mostafa@gsolutionme.com","to":["elasly@gmail.com"]},"envelopeTime":391,"level":"info","message":"Password reset email sent:","messageId":"<769a6076-0480-3ce7-eaac-7d61e2eba477@gsolutionme.com>","messageSize":719,"messageTime":612,"rejected":[],"response":"250 2.0.0 OK  1710379109 z14-20020a05600c0a0e00b00413ebce316fsm766674wmp.0 - gsmtp"}
{"accepted":["elasly@gmail.com"],"ehlo":["SIZE 35882577","8BITMIME","AUTH LOGIN PLAIN XOAUTH2 PLAIN-CLIENTTOKEN OAUTHBEARER XOAUTH","ENHANCEDSTATUSCODES","PIPELINING","CHUNKING","SMTPUTF8"],"envelope":{"from":"Amr.Mostafa@gsolutionme.com","to":["elasly@gmail.com"]},"envelopeTime":413,"level":"info","message":"Password reset email sent:","messageId":"<a3270183-851d-a97f-9963-b4fdea03f5cb@gsolutionme.com>","messageSize":719,"messageTime":639,"rejected":[],"response":"250 2.0.0 OK  1710379806 f19-20020a5d58f3000000b0033e7de97214sm397140wrd.40 - gsmtp"}
{"accepted":["elasly@gmail.com"],"ehlo":["SIZE 35882577","8BITMIME","AUTH LOGIN PLAIN XOAUTH2 PLAIN-CLIENTTOKEN OAUTHBEARER XOAUTH","ENHANCEDSTATUSCODES","PIPELINING","CHUNKING","SMTPUTF8"],"envelope":{"from":"Amr.Mostafa@gsolutionme.com","to":["elasly@gmail.com"]},"envelopeTime":374,"level":"info","message":"Password reset email sent:","messageId":"<af2b32fa-fad6-6614-e62e-542e3817fb77@gsolutionme.com>","messageSize":719,"messageTime":761,"rejected":[],"response":"250 2.0.0 OK  1710380846 fs27-20020a05600c3f9b00b00413e63bb140sm3937964wmb.41 - gsmtp"}
{"accepted":["elasly@gmail.com"],"ehlo":["SIZE 35882577","8BITMIME","AUTH LOGIN PLAIN XOAUTH2 PLAIN-CLIENTTOKEN OAUTHBEARER XOAUTH","ENHANCEDSTATUSCODES","PIPELINING","CHUNKING","SMTPUTF8"],"envelope":{"from":"Amr.Mostafa@gsolutionme.com","to":["elasly@gmail.com"]},"envelopeTime":375,"level":"info","message":"Password reset email sent:","messageId":"<3e01353b-b5fa-1b51-738b-2b2cfbadd9db@gsolutionme.com>","messageSize":719,"messageTime":597,"rejected":[],"response":"250 2.0.0 OK  1710380902 i4-20020a5d55c4000000b0033e17341ebesm400658wrw.117 - gsmtp"}
{"accepted":["elasly@gmail.com"],"ehlo":["SIZE 35882577","8BITMIME","AUTH LOGIN PLAIN XOAUTH2 PLAIN-CLIENTTOKEN OAUTHBEARER XOAUTH","ENHANCEDSTATUSCODES","PIPELINING","CHUNKING","SMTPUTF8"],"envelope":{"from":"Amr.Mostafa@gsolutionme.com","to":["elasly@gmail.com"]},"envelopeTime":452,"level":"info","message":"Password reset email sent:","messageId":"<4c3eb4fd-60a0-385b-ebdd-a07ff4f398b6@gsolutionme.com>","messageSize":719,"messageTime":680,"rejected":[],"response":"250 2.0.0 OK  1710383804 bj27-20020a0560001e1b00b0033e786abf84sm474276wrb.54 - gsmtp"}
{"assetSymbol":"BTC/USDT","level":"info","message":"Received strategy submission:","strategyName":"test 1","strategyRules":"buy when rsi <30, sell when rsi > 70","timeFrame":"1d"}
{"level":"error","message":"Error during backtesting: Cannot read properties of undefined (reading 'type')","stack":"TypeError: Cannot read properties of undefined (reading 'type')\n    at backtestStrategy (C:\\Users\\elasl\\Documents\\My App\\gpt-pilot\\workspace\\Strategy_Engine\\services\\backtestEngine.js:7:114)\n    at C:\\Users\\elasl\\Documents\\My App\\gpt-pilot\\workspace\\Strategy_Engine\\routes\\authRoutes.js:94:35\n    at Layer.handle [as handle_request] (C:\\Users\\elasl\\Documents\\My App\\gpt-pilot\\workspace\\Strategy_Engine\\node_modules\\express\\lib\\router\\layer.js:95:5)\n    at next (C:\\Users\\elasl\\Documents\\My App\\gpt-pilot\\workspace\\Strategy_Engine\\node_modules\\express\\lib\\router\\route.js:149:13)\n    at Route.dispatch (C:\\Users\\elasl\\Documents\\My App\\gpt-pilot\\workspace\\Strategy_Engine\\node_modules\\express\\lib\\router\\route.js:119:3)\n    at Layer.handle [as handle_request] (C:\\Users\\elasl\\Documents\\My App\\gpt-pilot\\workspace\\Strategy_Engine\\node_modules\\express\\lib\\router\\layer.js:95:5)\n    at C:\\Users\\elasl\\Documents\\My App\\gpt-pilot\\workspace\\Strategy_Engine\\node_modules\\express\\lib\\router\\index.js:284:15\n    at Function.process_params (C:\\Users\\elasl\\Documents\\My App\\gpt-pilot\\workspace\\Strategy_Engine\\node_modules\\express\\lib\\router\\index.js:346:12)\n    at next (C:\\Users\\elasl\\Documents\\My App\\gpt-pilot\\workspace\\Strategy_Engine\\node_modules\\express\\lib\\router\\index.js:280:10)\n    at Function.handle (C:\\Users\\elasl\\Documents\\My App\\gpt-pilot\\workspace\\Strategy_Engine\\node_modules\\express\\lib\\router\\index.js:175:3)"}
{"assetSymbol":"BTC/USDT","level":"info","message":"Received strategy submission:","strategyName":"Test2","strategyRules":"buy when rsi <30, sell when rsi > 70","timeFrame":"1d"}
{"level":"error","message":"Strategy submission error: Missing strategy type"}
{"assetSymbol":"BTC/USDT","level":"info","message":"Received strategy submission:","strategyName":"Test2","strategyRules":"buy when rsi <30, sell when rsi > 70","timeFrame":"1d"}
{"level":"error","message":"Strategy submission error: Missing strategy type"}
{"assetSymbol":"BTC/USDT","level":"info","message":"Received strategy submission:","strategyName":"test3","strategyRules":"buy when RSI <  30, Sell when RSI >70","strategyType":"RSI","timeFrame":"1d"}
{"level":"error","message":"Strategy submission error: Missing strategy type"}
{"assetSymbol":"BTC/USDT","level":"info","message":"Received strategy submission:","strategyName":"test3","strategyRules":"buy when RSI <  30, Sell when RSI >70","strategyType":"SMA","timeFrame":"1d"}
{"level":"error","message":"Strategy submission error: Missing strategy type"}
{"assetSymbol":"BTC/USDT","level":"info","message":"Received strategy submission:","strategyName":"test3","strategyRules":"buy when RSI <  30, Sell when RSI >70","strategyType":"SMA","timeFrame":"1d"}
{"level":"error","message":"Strategy submission error: Missing strategy type"}
{"assetSymbol":"BTC/USDT","level":"info","message":"Received strategy submission:","strategyName":"test3","strategyRules":"buy when RSI <  30, Sell when RSI >70","strategyType":"SMA","timeFrame":"1d"}
{"level":"error","message":"Strategy submission error: Missing strategy type"}
{"level":"error","message":"Registration error: E11000 duplicate key error collection: myDb.users index: email_1 dup key: { email: \"elasly@gmail.com\" }","stack":"MongoServerError: E11000 duplicate key error collection: myDb.users index: email_1 dup key: { email: \"elasly@gmail.com\" }\n    at InsertOneOperation.execute (C:\\Users\\elasl\\Documents\\My App\\gpt-pilot\\workspace\\Strategy_Engine\\node_modules\\mongoose\\node_modules\\mongodb\\lib\\operations\\insert.js:48:19)\n    at process.processTicksAndRejections (node:internal/process/task_queues:95:5)\n    at async executeOperationAsync (C:\\Users\\elasl\\Documents\\My App\\gpt-pilot\\workspace\\Strategy_Engine\\node_modules\\mongoose\\node_modules\\mongodb\\lib\\operations\\execute_operation.js:106:16)"}
{"assetSymbol":"sdfsd","level":"info","message":"Received strategy submission:","strategyName":"dfdf","strategyRules":"fsdfsdf","strategyType":"EMA","timeFrame":"1d"}
{"level":"error","message":"Strategy submission error: Missing strategy type"}
{"assetSymbol":"","level":"info","message":"Received strategy submission:","strategyName":"","strategyRules":"","strategyType":"","timeFrame":""}
{"level":"error","message":"Strategy submission error: Missing strategy type"}
{"assetSymbol":"","level":"info","message":"Received strategy submission:","strategyName":"","strategyRules":"","strategyType":"EMA","timeFrame":""}
{"level":"error","message":"Error during backtesting: Cannot read properties of undefined (reading 'type')","stack":"TypeError: Cannot read properties of undefined (reading 'type')\n    at backtestStrategy (C:\\Users\\elasl\\Documents\\My App\\gpt-pilot\\workspace\\Strategy_Engine\\services\\backtestEngine.js:8:114)\n    at C:\\Users\\elasl\\Documents\\My App\\gpt-pilot\\workspace\\Strategy_Engine\\routes\\authRoutes.js:105:35\n    at Layer.handle [as handle_request] (C:\\Users\\elasl\\Documents\\My App\\gpt-pilot\\workspace\\Strategy_Engine\\node_modules\\express\\lib\\router\\layer.js:95:5)\n    at next (C:\\Users\\elasl\\Documents\\My App\\gpt-pilot\\workspace\\Strategy_Engine\\node_modules\\express\\lib\\router\\route.js:149:13)\n    at Route.dispatch (C:\\Users\\elasl\\Documents\\My App\\gpt-pilot\\workspace\\Strategy_Engine\\node_modules\\express\\lib\\router\\route.js:119:3)\n    at Layer.handle [as handle_request] (C:\\Users\\elasl\\Documents\\My App\\gpt-pilot\\workspace\\Strategy_Engine\\node_modules\\express\\lib\\router\\layer.js:95:5)\n    at C:\\Users\\elasl\\Documents\\My App\\gpt-pilot\\workspace\\Strategy_Engine\\node_modules\\express\\lib\\router\\index.js:284:15\n    at Function.process_params (C:\\Users\\elasl\\Documents\\My App\\gpt-pilot\\workspace\\Strategy_Engine\\node_modules\\express\\lib\\router\\index.js:346:12)\n    at next (C:\\Users\\elasl\\Documents\\My App\\gpt-pilot\\workspace\\Strategy_Engine\\node_modules\\express\\lib\\router\\index.js:280:10)\n    at Function.handle (C:\\Users\\elasl\\Documents\\My App\\gpt-pilot\\workspace\\Strategy_Engine\\node_modules\\express\\lib\\router\\index.js:175:3)"}
{"assetSymbol":"addfdasf","level":"info","message":"Received strategy submission:","strategyName":"adasd","strategyRules":"dfsdf","strategyType":"EMA","timeFrame":"1d"}
{"level":"error","message":"Error during backtesting: Cannot read properties of undefined (reading 'type')","stack":"TypeError: Cannot read properties of undefined (reading 'type')\n    at backtestStrategy (C:\\Users\\elasl\\Documents\\My App\\gpt-pilot\\workspace\\Strategy_Engine\\services\\backtestEngine.js:8:114)\n    at C:\\Users\\elasl\\Documents\\My App\\gpt-pilot\\workspace\\Strategy_Engine\\routes\\authRoutes.js:105:35\n    at Layer.handle [as handle_request] (C:\\Users\\elasl\\Documents\\My App\\gpt-pilot\\workspace\\Strategy_Engine\\node_modules\\express\\lib\\router\\layer.js:95:5)\n    at next (C:\\Users\\elasl\\Documents\\My App\\gpt-pilot\\workspace\\Strategy_Engine\\node_modules\\express\\lib\\router\\route.js:149:13)\n    at Route.dispatch (C:\\Users\\elasl\\Documents\\My App\\gpt-pilot\\workspace\\Strategy_Engine\\node_modules\\express\\lib\\router\\route.js:119:3)\n    at Layer.handle [as handle_request] (C:\\Users\\elasl\\Documents\\My App\\gpt-pilot\\workspace\\Strategy_Engine\\node_modules\\express\\lib\\router\\layer.js:95:5)\n    at C:\\Users\\elasl\\Documents\\My App\\gpt-pilot\\workspace\\Strategy_Engine\\node_modules\\express\\lib\\router\\index.js:284:15\n    at Function.process_params (C:\\Users\\elasl\\Documents\\My App\\gpt-pilot\\workspace\\Strategy_Engine\\node_modules\\express\\lib\\router\\index.js:346:12)\n    at next (C:\\Users\\elasl\\Documents\\My App\\gpt-pilot\\workspace\\Strategy_Engine\\node_modules\\express\\lib\\router\\index.js:280:10)\n    at Function.handle (C:\\Users\\elasl\\Documents\\My App\\gpt-pilot\\workspace\\Strategy_Engine\\node_modules\\express\\lib\\router\\index.js:175:3)"}
{"assetSymbol":"BTC/USDT","level":"info","message":"Received strategy submission:","strategyName":"adsa","strategyRules":"buy when RSI <30 and sell when RSI > 70","strategyType":"RSI","timeFrame":"1d"}
{"level":"error","message":"Error during backtesting: Cannot read properties of undefined (reading 'type')","stack":"TypeError: Cannot read properties of undefined (reading 'type')\n    at backtestStrategy (C:\\Users\\elasl\\Documents\\My App\\gpt-pilot\\workspace\\Strategy_Engine\\services\\backtestEngine.js:9:114)\n    at C:\\Users\\elasl\\Documents\\My App\\gpt-pilot\\workspace\\Strategy_Engine\\routes\\authRoutes.js:105:35\n    at Layer.handle [as handle_request] (C:\\Users\\elasl\\Documents\\My App\\gpt-pilot\\workspace\\Strategy_Engine\\node_modules\\express\\lib\\router\\layer.js:95:5)\n    at next (C:\\Users\\elasl\\Documents\\My App\\gpt-pilot\\workspace\\Strategy_Engine\\node_modules\\express\\lib\\router\\route.js:149:13)\n    at Route.dispatch (C:\\Users\\elasl\\Documents\\My App\\gpt-pilot\\workspace\\Strategy_Engine\\node_modules\\express\\lib\\router\\route.js:119:3)\n    at Layer.handle [as handle_request] (C:\\Users\\elasl\\Documents\\My App\\gpt-pilot\\workspace\\Strategy_Engine\\node_modules\\express\\lib\\router\\layer.js:95:5)\n    at C:\\Users\\elasl\\Documents\\My App\\gpt-pilot\\workspace\\Strategy_Engine\\node_modules\\express\\lib\\router\\index.js:284:15\n    at Function.process_params (C:\\Users\\elasl\\Documents\\My App\\gpt-pilot\\workspace\\Strategy_Engine\\node_modules\\express\\lib\\router\\index.js:346:12)\n    at next (C:\\Users\\elasl\\Documents\\My App\\gpt-pilot\\workspace\\Strategy_Engine\\node_modules\\express\\lib\\router\\index.js:280:10)\n    at Function.handle (C:\\Users\\elasl\\Documents\\My App\\gpt-pilot\\workspace\\Strategy_Engine\\node_modules\\express\\lib\\router\\index.js:175:3)"}
{"level":"info","message":"Password reset email sent: elasly@gmail.com"}
{"level":"info","message":"Password reset email sent: elasly@gmail.com"}
{"level":"info","message":"Password change confirmation email sent: elasly@gmail.com"}
{"level":"info","message":"Login attempt failed for user: amr, incorrect password."}
{"level":"info","message":"Password reset email sent: elasly@gmail.com"}
{"level":"info","message":"Password change confirmation email sent: elasly@gmail.com"}
{"level":"info","message":"Login attempt failed for user: amr, incorrect password."}
{"level":"info","message":"Login attempt failed for user: amr, incorrect password."}
{"level":"info","message":"Login attempt failed for user: amr, incorrect password."}
{"level":"info","message":"Login attempt failed for user: amr, incorrect password."}
{"level":"info","message":"Login attempt failed for user: testuser1, incorrect password."}
{"level":"info","message":"Login success for user: test3"}
{"level":"info","message":"Password reset email sent: elasly@gmail.com"}
{"level":"info","message":"Password change confirmation email sent: elasly@gmail.com"}
{"level":"info","message":"Login success for user: amr"}
{"level":"info","message":"Login success for user: test"}
{"level":"info","message":"Password reset email sent: elasly@gmail.com"}
{"level":"info","message":"Password change confirmation email sent: elasly@gmail.com"}
{"level":"info","message":"Login success for user: amr"}
{"level":"warn","message":"Login attempt failed for user: amr. Possible password mismatch. Attempt details have been securely logged."}
{"level":"warn","message":"Login attempt failed for user: amr. Possible password mismatch. Attempt details have been securely logged."}
{"level":"warn","message":"Login attempt failed for user: amr. Possible password mismatch. Attempt details have been securely logged."}
{"level":"warn","message":"Login attempt failed for user: amr. Possible password mismatch. Attempt details have been securely logged."}
{"level":"info","message":"Login success for user: amr"}
{"level":"warn","message":"Login attempt failed for user: amr. Possible password mismatch. Attempt details have been securely logged."}
{"level":"warn","message":"Login attempt failed for user: amr. Possible password mismatch. Attempt details have been securely logged."}
{"level":"info","message":"Login success for user: amr"}
{"level":"info","message":"Login success for user: amr"}
{"assetSymbol":"","level":"info","message":"Received strategy submission:","strategyName":"","strategyRules":"dsda","strategyType":"","timeFrame":""}
{"level":"error","message":"Strategy submission error: Missing strategy type"}
{"assetSymbol":"xauusd","level":"info","message":"Received strategy submission:","strategyName":"sd","strategyRules":"dsda","strategyType":"EMA","timeFrame":"1w"}
{"level":"error","message":"Error during backtesting: Cannot read properties of undefined (reading 'type')","stack":"TypeError: Cannot read properties of undefined (reading 'type')\n    at backtestStrategy (C:\\Users\\elasl\\Documents\\My App\\gpt-pilot\\workspace\\Strategy_Engine\\services\\backtestEngine.js:10:114)\n    at C:\\Users\\elasl\\Documents\\My App\\gpt-pilot\\workspace\\Strategy_Engine\\routes\\authRoutes.js:127:35\n    at Layer.handle [as handle_request] (C:\\Users\\elasl\\Documents\\My App\\gpt-pilot\\workspace\\Strategy_Engine\\node_modules\\express\\lib\\router\\layer.js:95:5)\n    at next (C:\\Users\\elasl\\Documents\\My App\\gpt-pilot\\workspace\\Strategy_Engine\\node_modules\\express\\lib\\router\\route.js:149:13)\n    at Route.dispatch (C:\\Users\\elasl\\Documents\\My App\\gpt-pilot\\workspace\\Strategy_Engine\\node_modules\\express\\lib\\router\\route.js:119:3)\n    at Layer.handle [as handle_request] (C:\\Users\\elasl\\Documents\\My App\\gpt-pilot\\workspace\\Strategy_Engine\\node_modules\\express\\lib\\router\\layer.js:95:5)\n    at C:\\Users\\elasl\\Documents\\My App\\gpt-pilot\\workspace\\Strategy_Engine\\node_modules\\express\\lib\\router\\index.js:284:15\n    at Function.process_params (C:\\Users\\elasl\\Documents\\My App\\gpt-pilot\\workspace\\Strategy_Engine\\node_modules\\express\\lib\\router\\index.js:346:12)\n    at next (C:\\Users\\elasl\\Documents\\My App\\gpt-pilot\\workspace\\Strategy_Engine\\node_modules\\express\\lib\\router\\index.js:280:10)\n    at Function.handle (C:\\Users\\elasl\\Documents\\My App\\gpt-pilot\\workspace\\Strategy_Engine\\node_modules\\express\\lib\\router\\index.js:175:3)"}
{"assetSymbol":"xauusd","conditions":[],"entryCriteria":[],"exitCriteria":[],"indicators":[],"level":"info","message":"Received strategy submission:","patterns":[],"strategyName":"asd","strategyRules":"eqwe","strategyType":"SMA","timeFrame":"1d"}
{"level":"error","message":"Error during backtesting: Strategy indicators are undefined or empty. Please provide valid strategy indicators.","stack":"Error: Strategy indicators are undefined or empty. Please provide valid strategy indicators.\n    at backtestStrategy (C:\\Users\\elasl\\Documents\\My App\\gpt-pilot\\workspace\\Strategy_Engine\\services\\backtestEngine.js:13:11)\n    at C:\\Users\\elasl\\Documents\\My App\\gpt-pilot\\workspace\\Strategy_Engine\\routes\\authRoutes.js:127:35\n    at Layer.handle [as handle_request] (C:\\Users\\elasl\\Documents\\My App\\gpt-pilot\\workspace\\Strategy_Engine\\node_modules\\express\\lib\\router\\layer.js:95:5)\n    at next (C:\\Users\\elasl\\Documents\\My App\\gpt-pilot\\workspace\\Strategy_Engine\\node_modules\\express\\lib\\router\\route.js:149:13)\n    at Route.dispatch (C:\\Users\\elasl\\Documents\\My App\\gpt-pilot\\workspace\\Strategy_Engine\\node_modules\\express\\lib\\router\\route.js:119:3)\n    at Layer.handle [as handle_request] (C:\\Users\\elasl\\Documents\\My App\\gpt-pilot\\workspace\\Strategy_Engine\\node_modules\\express\\lib\\router\\layer.js:95:5)\n    at C:\\Users\\elasl\\Documents\\My App\\gpt-pilot\\workspace\\Strategy_Engine\\node_modules\\express\\lib\\router\\index.js:284:15\n    at Function.process_params (C:\\Users\\elasl\\Documents\\My App\\gpt-pilot\\workspace\\Strategy_Engine\\node_modules\\express\\lib\\router\\index.js:346:12)\n    at next (C:\\Users\\elasl\\Documents\\My App\\gpt-pilot\\workspace\\Strategy_Engine\\node_modules\\express\\lib\\router\\index.js:280:10)\n    at Function.handle (C:\\Users\\elasl\\Documents\\My App\\gpt-pilot\\workspace\\Strategy_Engine\\node_modules\\express\\lib\\router\\index.js:175:3)"}
{"assetSymbol":"scs","conditions":[],"entryCriteria":[],"exitCriteria":[],"indicators":[],"level":"info","message":"Received strategy submission:","patterns":[],"strategyName":"sdsds","strategyRules":"cscsd","timeFrame":"15min"}
{"level":"error","message":"Strategy submission error: Missing strategy type"}
{"assetSymbol":"","conditions":[],"entryCriteria":[],"exitCriteria":[],"indicators":[],"level":"info","message":"Received strategy submission:","patterns":[],"strategyName":"","strategyRules":"","timeFrame":""}
{"level":"error","message":"Strategy submission error: Missing strategy type"}
{"level":"warn","message":"Login attempt failed for user: amr. Possible password mismatch. Attempt details have been securely logged."}
{"level":"info","message":"Login success for user: amr"}
{"level":"info","message":"Login success for user: amr"}
{"level":"info","message":"Login success for user: amr"}
