{
  message: 'Server running at http://localhost:3000',
  level: 'info',
  timestamp: '2024-03-14T07:45:06.738Z'
}
{
  message: 'Database connected successfully',
  level: 'info',
  timestamp: '2024-03-14T07:45:06.758Z'
}
{
  message: 'Session accessed again at: 2024-03-14T07:45:08.490Z, Views: 20, User ID: (unauthenticated)',
  level: 'info',
  timestamp: '2024-03-14T07:45:08.490Z'
}
{
  message: 'Session accessed again at: 2024-03-14T07:45:20.259Z, Views: 21, User ID: (unauthenticated)',
  level: 'info',
  timestamp: '2024-03-14T07:45:20.259Z'
}
{
  message: 'Server running at http://localhost:3000',
  level: 'info',
  timestamp: '2024-03-14T08:15:44.437Z'
}
{
  message: 'Database connected successfully',
  level: 'info',
  timestamp: '2024-03-14T08:15:44.454Z'
}
{
  message: 'Session accessed again at: 2024-03-14T08:15:47.582Z, Views: 22, User ID: (unauthenticated)',
  level: 'info',
  timestamp: '2024-03-14T08:15:47.582Z'
}
{
  message: 'Session accessed again at: 2024-03-14T08:15:58.537Z, Views: 23, User ID: (unauthenticated)',
  level: 'info',
  timestamp: '2024-03-14T08:15:58.537Z'
}
{
  message: 'Server running at http://localhost:3000',
  level: 'info',
  timestamp: '2024-03-14T08:51:44.075Z'
}
{
  message: 'Database connected successfully',
  level: 'info',
  timestamp: '2024-03-14T08:51:44.093Z'
}
{
  message: 'Session accessed again at: 2024-03-14T08:51:52.858Z, Views: 24, User ID: (unauthenticated)',
  level: 'info',
  timestamp: '2024-03-14T08:51:52.858Z'
}
{
  message: 'Session accessed again at: 2024-03-14T08:51:52.939Z, Views: 25, User ID: (unauthenticated)',
  level: 'info',
  timestamp: '2024-03-14T08:51:52.939Z'
}
{
  message: 'Session accessed again at: 2024-03-14T08:52:00.762Z, Views: 26, User ID: (unauthenticated)',
  level: 'info',
  timestamp: '2024-03-14T08:52:00.762Z'
}
{
  message: 'Server running at http://localhost:3000',
  level: 'info',
  timestamp: '2024-03-14T09:05:25.606Z'
}
{
  message: 'Database connected successfully',
  level: 'info',
  timestamp: '2024-03-14T09:05:25.623Z'
}
{
  message: 'Session accessed again at: 2024-03-14T09:05:32.636Z, Views: 27, User ID: (unauthenticated)',
  level: 'info',
  timestamp: '2024-03-14T09:05:32.636Z'
}
{
  message: 'Session accessed again at: 2024-03-14T09:05:34.243Z, Views: 28, User ID: (unauthenticated)',
  level: 'info',
  timestamp: '2024-03-14T09:05:34.243Z'
}
{
  message: 'Session accessed again at: 2024-03-14T09:05:47.820Z, Views: 29, User ID: (unauthenticated)',
  level: 'info',
  timestamp: '2024-03-14T09:05:47.820Z'
}
{
  message: 'Session accessed again at: 2024-03-14T09:05:57.328Z, Views: 30, User ID: (unauthenticated)',
  level: 'info',
  timestamp: '2024-03-14T09:05:57.328Z'
}
{
  message: 'Session accessed again at: 2024-03-14T09:06:03.758Z, Views: 31, User ID: (unauthenticated)',
  level: 'info',
  timestamp: '2024-03-14T09:06:03.758Z'
}
{
  message: 'Session accessed again at: 2024-03-14T09:06:05.230Z, Views: 31, User ID: (unauthenticated)',
  level: 'info',
  timestamp: '2024-03-14T09:06:05.230Z'
}
{
  message: 'Session accessed again at: 2024-03-14T09:06:12.115Z, Views: 32, User ID: (unauthenticated)',
  level: 'info',
  timestamp: '2024-03-14T09:06:12.115Z'
}
{
  message: 'Session accessed again at: 2024-03-14T09:06:20.825Z, Views: 33, User ID: (unauthenticated)',
  level: 'info',
  timestamp: '2024-03-14T09:06:20.825Z'
}
{
  message: 'Session accessed again at: 2024-03-14T09:06:30.774Z, Views: 34, User ID: (unauthenticated)',
  level: 'info',
  timestamp: '2024-03-14T09:06:30.774Z'
}
{
  message: 'Session accessed again at: 2024-03-14T09:06:40.288Z, Views: 35, User ID: (unauthenticated)',
  level: 'info',
  timestamp: '2024-03-14T09:06:40.289Z'
}
{
  message: 'Session accessed again at: 2024-03-14T09:07:53.241Z, Views: 36, User ID: (unauthenticated)',
  level: 'info',
  timestamp: '2024-03-14T09:07:53.241Z'
}
{
  message: 'Session accessed again at: 2024-03-14T09:07:54.920Z, Views: 37, User ID: (unauthenticated)',
  level: 'info',
  timestamp: '2024-03-14T09:07:54.920Z'
}
{
  message: 'Session accessed again at: 2024-03-14T09:08:03.265Z, Views: 38, User ID: (unauthenticated)',
  level: 'info',
  timestamp: '2024-03-14T09:08:03.265Z'
}
{
  message: 'Session accessed again at: 2024-03-14T09:08:13.959Z, Views: 39, User ID: (unauthenticated)',
  level: 'info',
  timestamp: '2024-03-14T09:08:13.959Z'
}
{
  message: 'Session accessed again at: 2024-03-14T09:08:21.352Z, Views: 40, User ID: (unauthenticated)',
  level: 'info',
  timestamp: '2024-03-14T09:08:21.352Z'
}
{
  message: 'Too many password reset requests from IP: ::1',
  level: 'warn',
  timestamp: '2024-03-14T09:08:21.353Z'
}
{
  message: 'Session accessed again at: 2024-03-14T09:13:17.649Z, Views: 41, User ID: (unauthenticated)',
  level: 'info',
  timestamp: '2024-03-14T09:13:17.649Z'
}
{
  message: 'Session accessed again at: 2024-03-14T09:13:43.902Z, Views: 42, User ID: (unauthenticated)',
  level: 'info',
  timestamp: '2024-03-14T09:13:43.902Z'
}
{
  message: 'Session accessed again at: 2024-03-14T09:13:44.033Z, Views: 43, User ID: (unauthenticated)',
  level: 'info',
  timestamp: '2024-03-14T09:13:44.033Z'
}
{
  message: 'Session accessed again at: 2024-03-14T09:13:54.316Z, Views: 44, User ID: (unauthenticated)',
  level: 'info',
  timestamp: '2024-03-14T09:13:54.316Z'
}
{
  message: 'Server running at http://localhost:3000',
  level: 'info',
  timestamp: '2024-03-14T14:12:13.647Z'
}
{
  message: 'Database connected successfully',
  level: 'info',
  timestamp: '2024-03-14T14:12:13.693Z'
}
{
  message: 'Session accessed again at: 2024-03-14T14:12:25.683Z, Views: 45, User ID: (unauthenticated)',
  level: 'info',
  timestamp: '2024-03-14T14:12:25.683Z'
}
{
  message: 'Server running at http://localhost:3000',
  level: 'info',
  timestamp: '2024-03-14T14:55:02.592Z'
}
{
  message: 'Database connected successfully',
  level: 'info',
  timestamp: '2024-03-14T14:55:02.608Z'
}
{
  message: 'Session accessed again at: 2024-03-14T14:55:06.791Z, Views: 46, User ID: (unauthenticated)',
  level: 'info',
  timestamp: '2024-03-14T14:55:06.792Z'
}
{
  message: 'Session accessed again at: 2024-03-14T14:55:07.057Z, Views: 47, User ID: (unauthenticated)',
  level: 'info',
  timestamp: '2024-03-14T14:55:07.057Z'
}
{
  message: 'Session accessed again at: 2024-03-14T14:55:25.928Z, Views: 48, User ID: (unauthenticated)',
  level: 'info',
  timestamp: '2024-03-14T14:55:25.928Z'
}
{
  message: 'Session accessed again at: 2024-03-14T14:55:26.065Z, Views: 49, User ID: (unauthenticated)',
  level: 'info',
  timestamp: '2024-03-14T14:55:26.065Z'
}
{
  message: 'Session accessed again at: 2024-03-14T14:55:36.682Z, Views: 50, User ID: (unauthenticated)',
  level: 'info',
  timestamp: '2024-03-14T14:55:36.682Z'
}
{
  message: 'Server running at http://localhost:3000',
  level: 'info',
  timestamp: '2024-03-16T03:43:05.543Z'
}
{
  message: 'Database connected successfully',
  level: 'info',
  timestamp: '2024-03-16T03:43:05.581Z'
}
{
  message: 'Session accessed again at: 2024-03-16T03:43:34.588Z, Views: 51, User ID: (unauthenticated)',
  level: 'info',
  timestamp: '2024-03-16T03:43:34.588Z'
}
{
  message: 'Session accessed again at: 2024-03-16T03:43:34.860Z, Views: 52, User ID: (unauthenticated)',
  level: 'info',
  timestamp: '2024-03-16T03:43:34.860Z'
}
{
  message: 'Session accessed again at: 2024-03-16T03:43:37.842Z, Views: 53, User ID: (unauthenticated)',
  level: 'info',
  timestamp: '2024-03-16T03:43:37.842Z'
}
{
  message: 'Session accessed again at: 2024-03-16T03:43:39.880Z, Views: 54, User ID: (unauthenticated)',
  level: 'info',
  timestamp: '2024-03-16T03:43:39.880Z'
}
{
  message: 'Session accessed again at: 2024-03-16T03:43:57.667Z, Views: 55, User ID: (unauthenticated)',
  level: 'info',
  timestamp: '2024-03-16T03:43:57.667Z'
}
{
  message: 'Session accessed again at: 2024-03-16T03:43:57.745Z, Views: 56, User ID: (unauthenticated)',
  level: 'info',
  timestamp: '2024-03-16T03:43:57.745Z'
}
{
  message: 'Session accessed again at: 2024-03-16T03:44:04.904Z, Views: 57, User ID: (unauthenticated)',
  level: 'info',
  timestamp: '2024-03-16T03:44:04.904Z'
}
{
  message: 'Session accessed again at: 2024-03-16T03:44:04.977Z, Views: 58, User ID: 65f5157df9bee48070453764',
  level: 'info',
  timestamp: '2024-03-16T03:44:04.977Z'
}
{
  message: 'Session accessed again at: 2024-03-16T03:44:08.989Z, Views: 59, User ID: 65f5157df9bee48070453764',
  level: 'info',
  timestamp: '2024-03-16T03:44:08.989Z'
}
{
  message: 'Session created at: 2024-03-16T03:44:09.002Z',
  level: 'info',
  timestamp: '2024-03-16T03:44:09.002Z'
}
{
  message: 'Session accessed again at: 2024-03-16T03:44:11.500Z, Views: 2, User ID: (unauthenticated)',
  level: 'info',
  timestamp: '2024-03-16T03:44:11.500Z'
}
{
  message: 'Session accessed again at: 2024-03-16T03:44:18.804Z, Views: 3, User ID: (unauthenticated)',
  level: 'info',
  timestamp: '2024-03-16T03:44:18.804Z'
}
{
  message: 'Session accessed again at: 2024-03-16T03:44:26.698Z, Views: 4, User ID: (unauthenticated)',
  level: 'info',
  timestamp: '2024-03-16T03:44:26.699Z'
}
{
  message: 'Session accessed again at: 2024-03-16T03:44:31.804Z, Views: 5, User ID: (unauthenticated)',
  level: 'info',
  timestamp: '2024-03-16T03:44:31.804Z'
}
{
  message: 'Session accessed again at: 2024-03-16T03:44:33.289Z, Views: 5, User ID: (unauthenticated)',
  level: 'info',
  timestamp: '2024-03-16T03:44:33.289Z'
}
{
  message: 'Session accessed again at: 2024-03-16T03:44:39.024Z, Views: 6, User ID: (unauthenticated)',
  level: 'info',
  timestamp: '2024-03-16T03:44:39.024Z'
}
{
  message: 'Session accessed again at: 2024-03-16T03:44:45.437Z, Views: 7, User ID: (unauthenticated)',
  level: 'info',
  timestamp: '2024-03-16T03:44:45.437Z'
}
{
  message: 'Session accessed again at: 2024-03-16T03:44:45.503Z, Views: 8, User ID: 65f2bfc781f7828ddff0b636',
  level: 'info',
  timestamp: '2024-03-16T03:44:45.503Z'
}
{
  message: 'Server running at http://localhost:3000',
  level: 'info',
  timestamp: '2024-03-16T03:48:49.493Z'
}
{
  message: 'Database connected successfully',
  level: 'info',
  timestamp: '2024-03-16T03:48:49.515Z'
}
{
  message: 'Session accessed again at: 2024-03-16T03:49:13.423Z, Views: 9, User ID: 65f2bfc781f7828ddff0b636',
  level: 'info',
  timestamp: '2024-03-16T03:49:13.423Z'
}
{
  message: 'Session accessed again at: 2024-03-16T03:49:16.033Z, Views: 10, User ID: 65f2bfc781f7828ddff0b636',
  level: 'info',
  timestamp: '2024-03-16T03:49:16.033Z'
}
{
  message: 'Session created at: 2024-03-16T03:49:16.048Z',
  level: 'info',
  timestamp: '2024-03-16T03:49:16.048Z'
}
{
  message: 'Session accessed again at: 2024-03-16T03:49:17.769Z, Views: 2, User ID: (unauthenticated)',
  level: 'info',
  timestamp: '2024-03-16T03:49:17.769Z'
}
{
  message: 'Session accessed again at: 2024-03-16T03:49:30.648Z, Views: 3, User ID: (unauthenticated)',
  level: 'info',
  timestamp: '2024-03-16T03:49:30.648Z'
}
{
  message: 'Session accessed again at: 2024-03-16T03:49:30.723Z, Views: 4, User ID: (unauthenticated)',
  level: 'info',
  timestamp: '2024-03-16T03:49:30.723Z'
}
{
  message: 'Session accessed again at: 2024-03-16T03:49:38.117Z, Views: 5, User ID: (unauthenticated)',
  level: 'info',
  timestamp: '2024-03-16T03:49:38.117Z'
}
{
  message: 'Session accessed again at: 2024-03-16T03:49:38.189Z, Views: 6, User ID: 65f516ca01d2b428b4013189',
  level: 'info',
  timestamp: '2024-03-16T03:49:38.189Z'
}
{
  message: 'Session accessed again at: 2024-03-16T03:49:39.968Z, Views: 7, User ID: 65f516ca01d2b428b4013189',
  level: 'info',
  timestamp: '2024-03-16T03:49:39.968Z'
}
{
  message: 'Session created at: 2024-03-16T03:49:39.989Z',
  level: 'info',
  timestamp: '2024-03-16T03:49:39.989Z'
}
{
  message: 'Server running at http://localhost:3000',
  level: 'info',
  timestamp: '2024-03-16T04:02:02.463Z'
}
{
  message: 'Database connected successfully',
  level: 'info',
  timestamp: '2024-03-16T04:02:02.484Z'
}
{
  message: 'Session accessed again at: 2024-03-16T04:02:05.962Z, Views: 2, User ID: (unauthenticated)',
  level: 'info',
  timestamp: '2024-03-16T04:02:05.962Z'
}
{
  message: 'Session accessed again at: 2024-03-16T04:02:13.487Z, Views: 3, User ID: (unauthenticated)',
  level: 'info',
  timestamp: '2024-03-16T04:02:13.487Z'
}
{
  message: 'Session accessed again at: 2024-03-16T04:02:24.298Z, Views: 4, User ID: (unauthenticated)',
  level: 'info',
  timestamp: '2024-03-16T04:02:24.298Z'
}
{
  message: 'Session accessed again at: 2024-03-16T04:02:34.939Z, Views: 5, User ID: (unauthenticated)',
  level: 'info',
  timestamp: '2024-03-16T04:02:34.939Z'
}
{
  message: 'Session accessed again at: 2024-03-16T04:02:42.784Z, Views: 6, User ID: (unauthenticated)',
  level: 'info',
  timestamp: '2024-03-16T04:02:42.784Z'
}
{
  message: 'Session accessed again at: 2024-03-16T04:02:49.261Z, Views: 7, User ID: (unauthenticated)',
  level: 'info',
  timestamp: '2024-03-16T04:02:49.261Z'
}
{
  message: 'Session accessed again at: 2024-03-16T04:02:49.333Z, Views: 8, User ID: 65f2bfc781f7828ddff0b636',
  level: 'info',
  timestamp: '2024-03-16T04:02:49.333Z'
}
{
  message: 'Session accessed again at: 2024-03-16T04:02:52.871Z, Views: 9, User ID: 65f2bfc781f7828ddff0b636',
  level: 'info',
  timestamp: '2024-03-16T04:02:52.871Z'
}
{
  message: 'Session created at: 2024-03-16T04:02:52.883Z',
  level: 'info',
  timestamp: '2024-03-16T04:02:52.883Z'
}
{
  message: 'Session accessed again at: 2024-03-16T04:10:06.903Z, Views: 2, User ID: (unauthenticated)',
  level: 'info',
  timestamp: '2024-03-16T04:10:06.903Z'
}
{
  message: 'Server running at http://localhost:3000',
  level: 'info',
  timestamp: '2024-03-16T04:10:18.098Z'
}
{
  message: 'Database connected successfully',
  level: 'info',
  timestamp: '2024-03-16T04:10:18.115Z'
}
{
  message: 'Session accessed again at: 2024-03-16T04:10:21.450Z, Views: 3, User ID: (unauthenticated)',
  level: 'info',
  timestamp: '2024-03-16T04:10:21.450Z'
}
{
  message: 'Session accessed again at: 2024-03-16T04:10:58.034Z, Views: 4, User ID: (unauthenticated)',
  level: 'info',
  timestamp: '2024-03-16T04:10:58.034Z'
}
{
  message: 'Server running at http://localhost:3000',
  level: 'info',
  timestamp: '2024-03-16T04:29:52.438Z'
}
{
  message: 'Database connected successfully',
  level: 'info',
  timestamp: '2024-03-16T04:29:52.457Z'
}
{
  message: 'Session accessed again at: 2024-03-16T04:29:53.828Z, Views: 5, User ID: (unauthenticated)',
  level: 'info',
  timestamp: '2024-03-16T04:29:53.828Z'
}
{
  message: 'Session accessed again at: 2024-03-16T04:29:59.472Z, Views: 6, User ID: (unauthenticated)',
  level: 'info',
  timestamp: '2024-03-16T04:29:59.472Z'
}
{
  message: 'Session accessed again at: 2024-03-16T04:30:13.228Z, Views: 7, User ID: (unauthenticated)',
  level: 'info',
  timestamp: '2024-03-16T04:30:13.228Z'
}
{
  message: 'Session accessed again at: 2024-03-16T04:30:13.302Z, Views: 8, User ID: 65f2bfc781f7828ddff0b636',
  level: 'info',
  timestamp: '2024-03-16T04:30:13.302Z'
}
{
  message: 'Session accessed again at: 2024-03-16T04:30:16.982Z, Views: 9, User ID: 65f2bfc781f7828ddff0b636',
  level: 'info',
  timestamp: '2024-03-16T04:30:16.982Z'
}
{
  message: 'Session created at: 2024-03-16T04:30:16.995Z',
  level: 'info',
  timestamp: '2024-03-16T04:30:16.995Z'
}
{
  message: 'Session accessed again at: 2024-03-16T04:30:20.953Z, Views: 2, User ID: (unauthenticated)',
  level: 'info',
  timestamp: '2024-03-16T04:30:20.953Z'
}
{
  message: 'Session accessed again at: 2024-03-16T04:30:28.971Z, Views: 3, User ID: (unauthenticated)',
  level: 'info',
  timestamp: '2024-03-16T04:30:28.971Z'
}
{
  message: 'Server running at http://localhost:3000',
  level: 'info',
  timestamp: '2024-03-16T04:39:05.257Z'
}
{
  message: 'Database connected successfully',
  level: 'info',
  timestamp: '2024-03-16T04:39:05.280Z'
}
{
  message: 'Session accessed again at: 2024-03-16T04:39:05.547Z, Views: 4, User ID: (unauthenticated)',
  level: 'info',
  timestamp: '2024-03-16T04:39:05.547Z'
}
{
  message: 'Session accessed again at: 2024-03-16T04:39:07.466Z, Views: 5, User ID: (unauthenticated)',
  level: 'info',
  timestamp: '2024-03-16T04:39:07.467Z'
}
{
  message: 'Session accessed again at: 2024-03-16T04:39:13.913Z, Views: 6, User ID: (unauthenticated)',
  level: 'info',
  timestamp: '2024-03-16T04:39:13.913Z'
}
{
  message: 'Server running at http://localhost:3000',
  level: 'info',
  timestamp: '2024-03-16T04:49:30.023Z'
}
{
  message: 'Database connected successfully',
  level: 'info',
  timestamp: '2024-03-16T04:49:30.040Z'
}
{
  message: 'Session accessed again at: 2024-03-16T04:49:35.928Z, Views: 7, User ID: (unauthenticated)',
  level: 'info',
  timestamp: '2024-03-16T04:49:35.929Z'
}
{
  message: 'Session accessed again at: 2024-03-16T04:49:38.107Z, Views: 8, User ID: (unauthenticated)',
  level: 'info',
  timestamp: '2024-03-16T04:49:38.107Z'
}
{
  message: 'Session accessed again at: 2024-03-16T04:50:03.292Z, Views: 9, User ID: (unauthenticated)',
  level: 'info',
  timestamp: '2024-03-16T04:50:03.292Z'
}
{
  message: 'Session accessed again at: 2024-03-16T05:56:19.031Z, Views: 10, User ID: (unauthenticated)',
  level: 'info',
  timestamp: '2024-03-16T05:56:19.031Z'
}
{
  message: 'Session accessed again at: 2024-03-16T05:56:20.743Z, Views: 11, User ID: (unauthenticated)',
  level: 'info',
  timestamp: '2024-03-16T05:56:20.743Z'
}
{
  message: 'Session accessed again at: 2024-03-16T05:56:31.094Z, Views: 12, User ID: (unauthenticated)',
  level: 'info',
  timestamp: '2024-03-16T05:56:31.094Z'
}
{
  message: 'Session accessed again at: 2024-03-16T05:56:31.163Z, Views: 13, User ID: 65f2bfc781f7828ddff0b636',
  level: 'info',
  timestamp: '2024-03-16T05:56:31.163Z'
}
{
  message: 'Session accessed again at: 2024-03-16T05:56:35.603Z, Views: 14, User ID: 65f2bfc781f7828ddff0b636',
  level: 'info',
  timestamp: '2024-03-16T05:56:35.603Z'
}
{
  message: 'Session created at: 2024-03-16T05:56:35.615Z',
  level: 'info',
  timestamp: '2024-03-16T05:56:35.615Z'
}
{
  message: 'Server running at http://localhost:3000',
  level: 'info',
  timestamp: '2024-03-16T05:59:21.944Z'
}
{
  message: 'Database connected successfully',
  level: 'info',
  timestamp: '2024-03-16T05:59:21.970Z'
}
{
  message: 'Session accessed again at: 2024-03-16T05:59:33.618Z, Views: 2, User ID: (unauthenticated)',
  level: 'info',
  timestamp: '2024-03-16T05:59:33.618Z'
}
{
  message: 'Session accessed again at: 2024-03-16T05:59:33.716Z, Views: 3, User ID: (unauthenticated)',
  level: 'info',
  timestamp: '2024-03-16T05:59:33.716Z'
}
{
  message: 'Session accessed again at: 2024-03-16T05:59:39.114Z, Views: 4, User ID: (unauthenticated)',
  level: 'info',
  timestamp: '2024-03-16T05:59:39.114Z'
}
{
  message: 'Server running at http://localhost:3000',
  level: 'info',
  timestamp: '2024-03-16T08:48:38.925Z'
}
{
  message: 'Database connected successfully',
  level: 'info',
  timestamp: '2024-03-16T08:48:38.943Z'
}
{
  message: 'Server running at http://localhost:3000',
  level: 'info',
  timestamp: '2024-03-16T12:05:27.608Z'
}
{
  message: 'Database connected successfully',
  level: 'info',
  timestamp: '2024-03-16T12:05:27.627Z'
}
{
  message: 'Session accessed again at: 2024-03-16T12:05:39.016Z, Views: 5, User ID: (unauthenticated)',
  level: 'info',
  timestamp: '2024-03-16T12:05:39.016Z'
}
{
  message: 'Session accessed again at: 2024-03-16T12:05:51.189Z, Views: 6, User ID: (unauthenticated)',
  level: 'info',
  timestamp: '2024-03-16T12:05:51.189Z'
}
{
  message: 'Session accessed again at: 2024-03-16T12:05:55.959Z, Views: 7, User ID: (unauthenticated)',
  level: 'info',
  timestamp: '2024-03-16T12:05:55.959Z'
}
{
  message: 'Session accessed again at: 2024-03-16T12:06:04.578Z, Views: 8, User ID: (unauthenticated)',
  level: 'info',
  timestamp: '2024-03-16T12:06:04.578Z'
}
{
  message: 'Session accessed again at: 2024-03-16T12:06:04.653Z, Views: 9, User ID: 65f2bfc781f7828ddff0b636',
  level: 'info',
  timestamp: '2024-03-16T12:06:04.653Z'
}
{
  message: 'Session accessed again at: 2024-03-16T12:06:11.088Z, Views: 10, User ID: 65f2bfc781f7828ddff0b636',
  level: 'info',
  timestamp: '2024-03-16T12:06:11.088Z'
}
{
  message: 'Session accessed again at: 2024-03-16T12:06:14.692Z, Views: 11, User ID: 65f2bfc781f7828ddff0b636',
  level: 'info',
  timestamp: '2024-03-16T12:06:14.692Z'
}
{
  message: 'Session accessed again at: 2024-03-16T12:06:22.468Z, Views: 12, User ID: 65f2bfc781f7828ddff0b636',
  level: 'info',
  timestamp: '2024-03-16T12:06:22.468Z'
}
{
  message: 'Session accessed again at: 2024-03-16T12:06:36.596Z, Views: 13, User ID: 65f2bfc781f7828ddff0b636',
  level: 'info',
  timestamp: '2024-03-16T12:06:36.596Z'
}
{
  message: 'Session accessed again at: 2024-03-17T04:02:14.803Z, Views: 14, User ID: 65f2bfc781f7828ddff0b636',
  level: 'info',
  timestamp: '2024-03-17T04:02:14.803Z'
}
{
  message: 'Server running at http://localhost:3000',
  level: 'info',
  timestamp: '2024-03-17T04:21:39.726Z'
}
{
  message: 'Database connected successfully',
  level: 'info',
  timestamp: '2024-03-17T04:21:39.764Z'
}
{
  message: 'Session accessed again at: 2024-03-17T04:21:43.123Z, Views: 15, User ID: 65f2bfc781f7828ddff0b636',
  level: 'info',
  timestamp: '2024-03-17T04:21:43.123Z'
}
{
  message: 'Session accessed again at: 2024-03-17T04:22:17.693Z, Views: 16, User ID: 65f2bfc781f7828ddff0b636',
  level: 'info',
  timestamp: '2024-03-17T04:22:17.693Z'
}
{
  message: 'Server running at http://localhost:3000',
  level: 'info',
  timestamp: '2024-03-19T04:45:43.612Z'
}
{
  message: 'Database connected successfully',
  level: 'info',
  timestamp: '2024-03-19T04:45:43.645Z'
}
{
  message: 'Session accessed again at: 2024-03-19T04:45:54.515Z, Views: 17, User ID: 65f2bfc781f7828ddff0b636',
  level: 'info',
  timestamp: '2024-03-19T04:45:54.515Z'
}
{
  message: 'Session accessed again at: 2024-03-19T04:46:49.365Z, Views: 18, User ID: 65f2bfc781f7828ddff0b636',
  level: 'info',
  timestamp: '2024-03-19T04:46:49.365Z'
}
{
  message: 'Server running at http://localhost:3000',
  level: 'info',
  timestamp: '2024-03-19T04:55:13.114Z'
}
{
  message: 'Database connected successfully',
  level: 'info',
  timestamp: '2024-03-19T04:55:13.131Z'
}
{
  message: 'Server running at http://localhost:3000',
  level: 'info',
  timestamp: '2024-03-19T05:31:06.262Z'
}
{
  message: 'Database connected successfully',
  level: 'info',
  timestamp: '2024-03-19T05:31:06.278Z'
}
{
  message: 'Session accessed again at: 2024-03-19T05:31:10.994Z, Views: 19, User ID: 65f2bfc781f7828ddff0b636',
  level: 'info',
  timestamp: '2024-03-19T05:31:10.994Z'
}
{
  message: 'Session accessed again at: 2024-03-19T05:31:18.852Z, Views: 20, User ID: 65f2bfc781f7828ddff0b636',
  level: 'info',
  timestamp: '2024-03-19T05:31:18.852Z'
}
{
  message: 'Session accessed again at: 2024-03-19T05:31:25.381Z, Views: 21, User ID: 65f2bfc781f7828ddff0b636',
  level: 'info',
  timestamp: '2024-03-19T05:31:25.381Z'
}
{
  message: 'Session accessed again at: 2024-03-19T05:40:02.652Z, Views: 22, User ID: 65f2bfc781f7828ddff0b636',
  level: 'info',
  timestamp: '2024-03-19T05:40:02.652Z'
}
{
  message: 'Session accessed again at: 2024-03-19T05:40:08.197Z, Views: 23, User ID: 65f2bfc781f7828ddff0b636',
  level: 'info',
  timestamp: '2024-03-19T05:40:08.197Z'
}
{
  message: 'Session accessed again at: 2024-03-19T05:40:12.384Z, Views: 24, User ID: 65f2bfc781f7828ddff0b636',
  level: 'info',
  timestamp: '2024-03-19T05:40:12.384Z'
}
{
  message: 'Session accessed again at: 2024-03-19T05:40:19.646Z, Views: 25, User ID: 65f2bfc781f7828ddff0b636',
  level: 'info',
  timestamp: '2024-03-19T05:40:19.646Z'
}
{
  message: 'Session accessed again at: 2024-03-19T05:41:22.130Z, Views: 26, User ID: 65f2bfc781f7828ddff0b636',
  level: 'info',
  timestamp: '2024-03-19T05:41:22.130Z'
}
{
  message: 'Server running at http://localhost:3000',
  level: 'info',
  timestamp: '2024-03-19T05:42:49.813Z'
}
{
  message: 'Database connected successfully',
  level: 'info',
  timestamp: '2024-03-19T05:42:49.834Z'
}
{
  message: 'Session accessed again at: 2024-03-19T05:43:02.885Z, Views: 27, User ID: 65f2bfc781f7828ddff0b636',
  level: 'info',
  timestamp: '2024-03-19T05:43:02.885Z'
}
{
  message: 'Session accessed again at: 2024-03-20T02:25:42.212Z, Views: 28, User ID: 65f2bfc781f7828ddff0b636',
  level: 'info',
  timestamp: '2024-03-20T02:25:42.213Z'
}
{
  message: 'Server running at http://localhost:3000',
  level: 'info',
  timestamp: '2024-03-21T04:47:03.040Z'
}
{
  message: 'Database connected successfully',
  level: 'info',
  timestamp: '2024-03-21T04:47:03.076Z'
}
{
  message: 'Session accessed again at: 2024-03-21T04:48:07.547Z, Views: 29, User ID: 65f2bfc781f7828ddff0b636',
  level: 'info',
  timestamp: '2024-03-21T04:48:07.547Z'
}
{
  message: 'Session accessed again at: 2024-03-21T04:48:07.809Z, Views: 30, User ID: 65f2bfc781f7828ddff0b636',
  level: 'info',
  timestamp: '2024-03-21T04:48:07.809Z'
}
{
  message: 'Session accessed again at: 2024-03-21T04:48:07.821Z, Views: 30, User ID: 65f2bfc781f7828ddff0b636',
  level: 'info',
  timestamp: '2024-03-21T04:48:07.821Z'
}
{
  message: 'Session accessed again at: 2024-03-21T04:48:07.888Z, Views: 31, User ID: 65f2bfc781f7828ddff0b636',
  level: 'info',
  timestamp: '2024-03-21T04:48:07.888Z'
}
{
  message: 'Session accessed again at: 2024-03-21T04:48:14.948Z, Views: 32, User ID: 65f2bfc781f7828ddff0b636',
  level: 'info',
  timestamp: '2024-03-21T04:48:14.948Z'
}
{
  message: 'Session accessed again at: 2024-03-21T04:48:16.491Z, Views: 33, User ID: 65f2bfc781f7828ddff0b636',
  level: 'info',
  timestamp: '2024-03-21T04:48:16.491Z'
}
{
  message: 'Session accessed again at: 2024-03-21T05:56:47.793Z, Views: 34, User ID: 65f2bfc781f7828ddff0b636',
  level: 'info',
  timestamp: '2024-03-21T05:56:47.793Z'
}
{
  message: 'Session accessed again at: 2024-03-21T05:56:47.864Z, Views: 35, User ID: 65f2bfc781f7828ddff0b636',
  level: 'info',
  timestamp: '2024-03-21T05:56:47.864Z'
}
{
  message: 'Session accessed again at: 2024-03-21T05:56:47.866Z, Views: 35, User ID: 65f2bfc781f7828ddff0b636',
  level: 'info',
  timestamp: '2024-03-21T05:56:47.866Z'
}
{
  message: 'Session accessed again at: 2024-03-21T05:56:48.834Z, Views: 36, User ID: 65f2bfc781f7828ddff0b636',
  level: 'info',
  timestamp: '2024-03-21T05:56:48.834Z'
}
{
  message: 'Session accessed again at: 2024-03-21T05:56:50.205Z, Views: 37, User ID: 65f2bfc781f7828ddff0b636',
  level: 'info',
  timestamp: '2024-03-21T05:56:50.205Z'
}
{
  message: 'Session created at: 2024-03-21T05:56:50.219Z',
  level: 'info',
  timestamp: '2024-03-21T05:56:50.219Z'
}
{
  message: 'Session accessed again at: 2024-03-21T05:56:52.206Z, Views: 2, User ID: (unauthenticated)',
  level: 'info',
  timestamp: '2024-03-21T05:56:52.206Z'
}
{
  message: 'Session accessed again at: 2024-03-21T05:57:01.589Z, Views: 3, User ID: (unauthenticated)',
  level: 'info',
  timestamp: '2024-03-21T05:57:01.589Z'
}
{
  message: 'Session accessed again at: 2024-03-21T05:57:01.658Z, Views: 4, User ID: 65f2bfc781f7828ddff0b636',
  level: 'info',
  timestamp: '2024-03-21T05:57:01.658Z'
}
{
  message: 'Session accessed again at: 2024-03-21T05:57:12.877Z, Views: 5, User ID: 65f2bfc781f7828ddff0b636',
  level: 'info',
  timestamp: '2024-03-21T05:57:12.877Z'
}
{
  message: 'Session accessed again at: 2024-03-21T05:57:13.082Z, Views: 6, User ID: 65f2bfc781f7828ddff0b636',
  level: 'info',
  timestamp: '2024-03-21T05:57:13.082Z'
}
{
  message: 'Session accessed again at: 2024-03-21T05:57:13.084Z, Views: 6, User ID: 65f2bfc781f7828ddff0b636',
  level: 'info',
  timestamp: '2024-03-21T05:57:13.084Z'
}
{
  message: 'Session accessed again at: 2024-03-21T06:42:38.474Z, Views: 7, User ID: 65f2bfc781f7828ddff0b636',
  level: 'info',
  timestamp: '2024-03-21T06:42:38.475Z'
}
{
  message: 'Session accessed again at: 2024-03-21T06:42:44.664Z, Views: 8, User ID: 65f2bfc781f7828ddff0b636',
  level: 'info',
  timestamp: '2024-03-21T06:42:44.664Z'
}
{
  message: 'Session accessed again at: 2024-03-21T06:42:45.872Z, Views: 9, User ID: 65f2bfc781f7828ddff0b636',
  level: 'info',
  timestamp: '2024-03-21T06:42:45.872Z'
}
{
  message: 'Session accessed again at: 2024-03-21T06:42:47.659Z, Views: 10, User ID: 65f2bfc781f7828ddff0b636',
  level: 'info',
  timestamp: '2024-03-21T06:42:47.659Z'
}
{
  message: 'Session accessed again at: 2024-03-21T06:42:49.679Z, Views: 11, User ID: 65f2bfc781f7828ddff0b636',
  level: 'info',
  timestamp: '2024-03-21T06:42:49.679Z'
}
{
  message: 'Session accessed again at: 2024-03-21T06:42:53.335Z, Views: 12, User ID: 65f2bfc781f7828ddff0b636',
  level: 'info',
  timestamp: '2024-03-21T06:42:53.335Z'
}
{
  message: 'Session accessed again at: 2024-03-21T06:42:55.178Z, Views: 13, User ID: 65f2bfc781f7828ddff0b636',
  level: 'info',
  timestamp: '2024-03-21T06:42:55.178Z'
}
{
  message: 'Session accessed again at: 2024-03-21T06:43:01.190Z, Views: 14, User ID: 65f2bfc781f7828ddff0b636',
  level: 'info',
  timestamp: '2024-03-21T06:43:01.190Z'
}
{
  message: 'Session accessed again at: 2024-03-21T06:43:12.800Z, Views: 15, User ID: 65f2bfc781f7828ddff0b636',
  level: 'info',
  timestamp: '2024-03-21T06:43:12.800Z'
}
{
  message: 'Session accessed again at: 2024-03-21T06:43:12.866Z, Views: 16, User ID: 65f2bfc781f7828ddff0b636',
  level: 'info',
  timestamp: '2024-03-21T06:43:12.866Z'
}
{
  message: 'Session accessed again at: 2024-03-21T06:43:22.333Z, Views: 17, User ID: 65f2bfc781f7828ddff0b636',
  level: 'info',
  timestamp: '2024-03-21T06:43:22.333Z'
}
{
  message: 'Server running at http://localhost:3000',
  level: 'info',
  timestamp: '2024-03-21T06:43:33.253Z'
}
{
  message: 'Database connected successfully',
  level: 'info',
  timestamp: '2024-03-21T06:43:33.277Z'
}
{
  message: 'Session accessed again at: 2024-03-21T06:43:35.482Z, Views: 18, User ID: 65f2bfc781f7828ddff0b636',
  level: 'info',
  timestamp: '2024-03-21T06:43:35.482Z'
}
{
  message: 'Server running at http://localhost:3000',
  level: 'info',
  timestamp: '2024-03-21T06:52:13.825Z'
}
{
  message: 'Database connected successfully',
  level: 'info',
  timestamp: '2024-03-21T06:52:13.846Z'
}
{
  message: 'Session accessed again at: 2024-03-21T06:52:18.496Z, Views: 19, User ID: 65f2bfc781f7828ddff0b636',
  level: 'info',
  timestamp: '2024-03-21T06:52:18.496Z'
}
{
  message: 'Session accessed again at: 2024-03-21T06:52:38.376Z, Views: 20, User ID: 65f2bfc781f7828ddff0b636',
  level: 'info',
  timestamp: '2024-03-21T06:52:38.376Z'
}
{
  message: 'Session accessed again at: 2024-03-21T06:52:38.396Z, Views: 21, User ID: 65f2bfc781f7828ddff0b636',
  level: 'info',
  timestamp: '2024-03-21T06:52:38.396Z'
}
{
  message: 'Session accessed again at: 2024-03-21T06:52:41.089Z, Views: 22, User ID: 65f2bfc781f7828ddff0b636',
  level: 'info',
  timestamp: '2024-03-21T06:52:41.089Z'
}
{
  message: 'Session accessed again at: 2024-03-21T06:53:03.869Z, Views: 23, User ID: 65f2bfc781f7828ddff0b636',
  level: 'info',
  timestamp: '2024-03-21T06:53:03.869Z'
}
{
  message: 'Session accessed again at: 2024-03-21T06:53:03.883Z, Views: 24, User ID: 65f2bfc781f7828ddff0b636',
  level: 'info',
  timestamp: '2024-03-21T06:53:03.883Z'
}
{
  message: 'Session accessed again at: 2024-03-21T06:53:38.209Z, Views: 25, User ID: 65f2bfc781f7828ddff0b636',
  level: 'info',
  timestamp: '2024-03-21T06:53:38.209Z'
}
{
  message: 'Session created at: 2024-03-21T06:53:38.220Z',
  level: 'info',
  timestamp: '2024-03-21T06:53:38.220Z'
}
{
  message: 'Session accessed again at: 2024-03-21T06:53:48.464Z, Views: 2, User ID: (unauthenticated)',
  level: 'info',
  timestamp: '2024-03-21T06:53:48.464Z'
}
{
  message: 'Session accessed again at: 2024-03-21T06:53:48.535Z, Views: 3, User ID: 65f2bfc781f7828ddff0b636',
  level: 'info',
  timestamp: '2024-03-21T06:53:48.535Z'
}
{
  message: 'Session accessed again at: 2024-03-21T06:53:54.614Z, Views: 4, User ID: 65f2bfc781f7828ddff0b636',
  level: 'info',
  timestamp: '2024-03-21T06:53:54.614Z'
}
{
  message: 'Server running at http://localhost:3000',
  level: 'info',
  timestamp: '2024-03-21T07:06:05.460Z'
}
{
  message: 'Database connected successfully',
  level: 'info',
  timestamp: '2024-03-21T07:06:05.481Z'
}
{
  message: 'Session accessed again at: 2024-03-21T07:06:10.702Z, Views: 5, User ID: 65f2bfc781f7828ddff0b636',
  level: 'info',
  timestamp: '2024-03-21T07:06:10.703Z'
}
{
  message: 'Session accessed again at: 2024-03-21T07:06:22.647Z, Views: 6, User ID: 65f2bfc781f7828ddff0b636',
  level: 'info',
  timestamp: '2024-03-21T07:06:22.647Z'
}
{
  message: 'Session accessed again at: 2024-03-21T07:06:22.667Z, Views: 7, User ID: 65f2bfc781f7828ddff0b636',
  level: 'info',
  timestamp: '2024-03-21T07:06:22.667Z'
}
{
  message: 'Server running at http://localhost:3000',
  level: 'info',
  timestamp: '2024-03-21T07:11:16.532Z'
}
{
  message: 'Database connected successfully',
  level: 'info',
  timestamp: '2024-03-21T07:11:16.552Z'
}
{
  message: 'Session accessed again at: 2024-03-21T07:11:18.062Z, Views: 8, User ID: 65f2bfc781f7828ddff0b636',
  level: 'info',
  timestamp: '2024-03-21T07:11:18.062Z'
}
{
  message: 'Session accessed again at: 2024-03-21T07:11:26.201Z, Views: 9, User ID: 65f2bfc781f7828ddff0b636',
  level: 'info',
  timestamp: '2024-03-21T07:11:26.201Z'
}
{
  message: 'Session accessed again at: 2024-03-21T07:11:26.219Z, Views: 10, User ID: 65f2bfc781f7828ddff0b636',
  level: 'info',
  timestamp: '2024-03-21T07:11:26.219Z'
}
{
  message: 'Server running at http://localhost:3000',
  level: 'info',
  timestamp: '2024-03-21T07:15:48.411Z'
}
{
  message: 'Database connected successfully',
  level: 'info',
  timestamp: '2024-03-21T07:15:48.431Z'
}
{
  message: 'Session accessed again at: 2024-03-21T07:15:53.775Z, Views: 11, User ID: 65f2bfc781f7828ddff0b636',
  level: 'info',
  timestamp: '2024-03-21T07:15:53.775Z'
}
{
  message: 'Session accessed again at: 2024-03-21T07:16:00.770Z, Views: 12, User ID: 65f2bfc781f7828ddff0b636',
  level: 'info',
  timestamp: '2024-03-21T07:16:00.770Z'
}
{
  message: 'Session accessed again at: 2024-03-21T07:16:00.790Z, Views: 13, User ID: 65f2bfc781f7828ddff0b636',
  level: 'info',
  timestamp: '2024-03-21T07:16:00.790Z'
}
{
  message: 'Session accessed again at: 2024-03-21T07:16:46.110Z, Views: 14, User ID: 65f2bfc781f7828ddff0b636',
  level: 'info',
  timestamp: '2024-03-21T07:16:46.110Z'
}
{
  message: 'Session accessed again at: 2024-03-21T07:16:46.131Z, Views: 15, User ID: 65f2bfc781f7828ddff0b636',
  level: 'info',
  timestamp: '2024-03-21T07:16:46.131Z'
}
{
  message: 'Server running at http://localhost:3000',
  level: 'info',
  timestamp: '2024-03-21T07:22:54.155Z'
}
{
  message: 'Database connected successfully',
  level: 'info',
  timestamp: '2024-03-21T07:22:54.175Z'
}
{
  message: 'Session accessed again at: 2024-03-21T07:22:57.075Z, Views: 16, User ID: 65f2bfc781f7828ddff0b636',
  level: 'info',
  timestamp: '2024-03-21T07:22:57.075Z'
}
{
  message: 'Session accessed again at: 2024-03-21T07:23:04.121Z, Views: 17, User ID: 65f2bfc781f7828ddff0b636',
  level: 'info',
  timestamp: '2024-03-21T07:23:04.121Z'
}
{
  message: 'Session accessed again at: 2024-03-21T07:23:38.873Z, Views: 18, User ID: 65f2bfc781f7828ddff0b636',
  level: 'info',
  timestamp: '2024-03-21T07:23:38.873Z'
}
{
  message: 'Session accessed again at: 2024-03-21T07:24:13.077Z, Views: 19, User ID: 65f2bfc781f7828ddff0b636',
  level: 'info',
  timestamp: '2024-03-21T07:24:13.077Z'
}
{
  message: 'Session accessed again at: 2024-03-21T07:24:18.776Z, Views: 20, User ID: 65f2bfc781f7828ddff0b636',
  level: 'info',
  timestamp: '2024-03-21T07:24:18.776Z'
}
{
  message: 'Server running at http://localhost:3000',
  level: 'info',
  timestamp: '2024-03-21T07:28:27.083Z'
}
{
  message: 'Database connected successfully',
  level: 'info',
  timestamp: '2024-03-21T07:28:27.103Z'
}
{
  message: 'Session accessed again at: 2024-03-21T07:28:27.837Z, Views: 21, User ID: 65f2bfc781f7828ddff0b636',
  level: 'info',
  timestamp: '2024-03-21T07:28:27.837Z'
}
{
  message: 'Session accessed again at: 2024-03-21T07:28:34.427Z, Views: 22, User ID: 65f2bfc781f7828ddff0b636',
  level: 'info',
  timestamp: '2024-03-21T07:28:34.427Z'
}
{
  message: 'Session accessed again at: 2024-03-21T07:29:39.336Z, Views: 23, User ID: 65f2bfc781f7828ddff0b636',
  level: 'info',
  timestamp: '2024-03-21T07:29:39.336Z'
}
{
  message: 'Session accessed again at: 2024-03-21T07:29:46.322Z, Views: 24, User ID: 65f2bfc781f7828ddff0b636',
  level: 'info',
  timestamp: '2024-03-21T07:29:46.322Z'
}
{
  message: 'Server running at http://localhost:3000',
  level: 'info',
  timestamp: '2024-03-21T07:37:52.221Z'
}
{
  message: 'Database connected successfully',
  level: 'info',
  timestamp: '2024-03-21T07:37:52.242Z'
}
{
  message: 'Session accessed again at: 2024-03-21T07:37:54.670Z, Views: 25, User ID: 65f2bfc781f7828ddff0b636',
  level: 'info',
  timestamp: '2024-03-21T07:37:54.670Z'
}
{
  message: 'Session accessed again at: 2024-03-21T07:38:07.354Z, Views: 26, User ID: 65f2bfc781f7828ddff0b636',
  level: 'info',
  timestamp: '2024-03-21T07:38:07.354Z'
}
{
  message: 'Session accessed again at: 2024-03-21T07:38:32.819Z, Views: 27, User ID: 65f2bfc781f7828ddff0b636',
  level: 'info',
  timestamp: '2024-03-21T07:38:32.819Z'
}
{
  message: 'Session accessed again at: 2024-03-21T07:38:36.040Z, Views: 28, User ID: 65f2bfc781f7828ddff0b636',
  level: 'info',
  timestamp: '2024-03-21T07:38:36.040Z'
}
{
  message: 'Server running at http://localhost:3000',
  level: 'info',
  timestamp: '2024-03-21T07:45:25.508Z'
}
{
  message: 'Database connected successfully',
  level: 'info',
  timestamp: '2024-03-21T07:45:25.528Z'
}
{
  message: 'Session accessed again at: 2024-03-21T07:45:27.822Z, Views: 29, User ID: 65f2bfc781f7828ddff0b636',
  level: 'info',
  timestamp: '2024-03-21T07:45:27.822Z'
}
{
  message: 'Session accessed again at: 2024-03-21T07:45:57.598Z, Views: 30, User ID: 65f2bfc781f7828ddff0b636',
  level: 'info',
  timestamp: '2024-03-21T07:45:57.598Z'
}
{
  message: 'Session accessed again at: 2024-03-21T07:45:57.615Z, Views: 31, User ID: 65f2bfc781f7828ddff0b636',
  level: 'info',
  timestamp: '2024-03-21T07:45:57.615Z'
}
{
  message: 'Session accessed again at: 2024-03-21T07:46:20.416Z, Views: 32, User ID: 65f2bfc781f7828ddff0b636',
  level: 'info',
  timestamp: '2024-03-21T07:46:20.416Z'
}
{
  message: 'Session accessed again at: 2024-03-21T07:46:20.432Z, Views: 33, User ID: 65f2bfc781f7828ddff0b636',
  level: 'info',
  timestamp: '2024-03-21T07:46:20.432Z'
}
{
  message: 'Server running at http://localhost:3000',
  level: 'info',
  timestamp: '2024-03-21T07:51:43.501Z'
}
{
  message: 'Database connected successfully',
  level: 'info',
  timestamp: '2024-03-21T07:51:43.523Z'
}
{
  message: 'Session accessed again at: 2024-03-21T07:51:53.479Z, Views: 34, User ID: 65f2bfc781f7828ddff0b636',
  level: 'info',
  timestamp: '2024-03-21T07:51:53.479Z'
}
{
  message: 'Server running at http://localhost:3000',
  level: 'info',
  timestamp: '2024-03-21T08:32:05.198Z'
}
{
  message: 'Database connected successfully',
  level: 'info',
  timestamp: '2024-03-21T08:32:05.225Z'
}
{
  message: 'Session accessed again at: 2024-03-21T08:32:07.591Z, Views: 35, User ID: 65f2bfc781f7828ddff0b636',
  level: 'info',
  timestamp: '2024-03-21T08:32:07.591Z'
}
{
  message: 'Session accessed again at: 2024-03-21T08:32:10.953Z, Views: 36, User ID: 65f2bfc781f7828ddff0b636',
  level: 'info',
  timestamp: '2024-03-21T08:32:10.953Z'
}
{
  message: 'Session accessed again at: 2024-03-21T08:32:34.229Z, Views: 37, User ID: 65f2bfc781f7828ddff0b636',
  level: 'info',
  timestamp: '2024-03-21T08:32:34.229Z'
}
{
  message: 'Session accessed again at: 2024-03-21T08:32:41.167Z, Views: 38, User ID: 65f2bfc781f7828ddff0b636',
  level: 'info',
  timestamp: '2024-03-21T08:32:41.167Z'
}
{
  message: 'Session accessed again at: 2024-03-21T08:32:41.277Z, Views: 39, User ID: 65f2bfc781f7828ddff0b636',
  level: 'info',
  timestamp: '2024-03-21T08:32:41.278Z'
}
{
  message: 'Server running at http://localhost:3000',
  level: 'info',
  timestamp: '2024-03-21T08:41:26.795Z'
}
{
  message: 'Database connected successfully',
  level: 'info',
  timestamp: '2024-03-21T08:41:26.822Z'
}
{
  message: 'Session accessed again at: 2024-03-21T08:41:43.848Z, Views: 40, User ID: 65f2bfc781f7828ddff0b636',
  level: 'info',
  timestamp: '2024-03-21T08:41:43.848Z'
}
{
  message: 'Session accessed again at: 2024-03-21T08:42:27.785Z, Views: 40, User ID: 65f2bfc781f7828ddff0b636',
  level: 'info',
  timestamp: '2024-03-21T08:42:27.785Z'
}
{
  message: 'Session accessed again at: 2024-03-21T08:42:37.270Z, Views: 41, User ID: 65f2bfc781f7828ddff0b636',
  level: 'info',
  timestamp: '2024-03-21T08:42:37.270Z'
}
{
  message: 'Session accessed again at: 2024-03-21T08:42:43.912Z, Views: 42, User ID: 65f2bfc781f7828ddff0b636',
  level: 'info',
  timestamp: '2024-03-21T08:42:43.912Z'
}
{
  message: 'Session accessed again at: 2024-03-21T08:42:44.016Z, Views: 43, User ID: 65f2bfc781f7828ddff0b636',
  level: 'info',
  timestamp: '2024-03-21T08:42:44.016Z'
}
{
  message: 'Session accessed again at: 2024-03-21T08:42:57.689Z, Views: 44, User ID: 65f2bfc781f7828ddff0b636',
  level: 'info',
  timestamp: '2024-03-21T08:42:57.689Z'
}
{
  message: 'Session accessed again at: 2024-03-21T08:42:57.804Z, Views: 45, User ID: 65f2bfc781f7828ddff0b636',
  level: 'info',
  timestamp: '2024-03-21T08:42:57.804Z'
}
{
  message: 'Session accessed again at: 2024-03-21T08:43:01.291Z, Views: 46, User ID: 65f2bfc781f7828ddff0b636',
  level: 'info',
  timestamp: '2024-03-21T08:43:01.291Z'
}
{
  message: 'Session accessed again at: 2024-03-21T08:43:01.394Z, Views: 47, User ID: 65f2bfc781f7828ddff0b636',
  level: 'info',
  timestamp: '2024-03-21T08:43:01.394Z'
}
{
  message: 'Session accessed again at: 2024-03-21T08:43:04.280Z, Views: 48, User ID: 65f2bfc781f7828ddff0b636',
  level: 'info',
  timestamp: '2024-03-21T08:43:04.281Z'
}
{
  message: 'Session accessed again at: 2024-03-21T08:43:04.383Z, Views: 49, User ID: 65f2bfc781f7828ddff0b636',
  level: 'info',
  timestamp: '2024-03-21T08:43:04.383Z'
}
{
  message: 'Server running at http://localhost:3000',
  level: 'info',
  timestamp: '2024-03-21T08:53:27.003Z'
}
{
  message: 'Database connected successfully',
  level: 'info',
  timestamp: '2024-03-21T08:53:27.025Z'
}
{
  message: 'Session accessed again at: 2024-03-21T08:53:30.484Z, Views: 50, User ID: 65f2bfc781f7828ddff0b636',
  level: 'info',
  timestamp: '2024-03-21T08:53:30.484Z'
}
{
  message: 'Session accessed again at: 2024-03-21T08:53:35.288Z, Views: 51, User ID: 65f2bfc781f7828ddff0b636',
  level: 'info',
  timestamp: '2024-03-21T08:53:35.288Z'
}
{
  message: 'Session accessed again at: 2024-03-21T08:53:35.303Z, Views: 52, User ID: 65f2bfc781f7828ddff0b636',
  level: 'info',
  timestamp: '2024-03-21T08:53:35.303Z'
}
{
  message: 'Session accessed again at: 2024-03-21T08:53:36.842Z, Views: 53, User ID: 65f2bfc781f7828ddff0b636',
  level: 'info',
  timestamp: '2024-03-21T08:53:36.842Z'
}
{
  message: 'Session accessed again at: 2024-03-21T08:53:36.859Z, Views: 54, User ID: 65f2bfc781f7828ddff0b636',
  level: 'info',
  timestamp: '2024-03-21T08:53:36.860Z'
}
{
  message: 'Session accessed again at: 2024-03-21T08:53:45.015Z, Views: 55, User ID: 65f2bfc781f7828ddff0b636',
  level: 'info',
  timestamp: '2024-03-21T08:53:45.015Z'
}
{
  message: 'Session accessed again at: 2024-03-21T08:53:45.026Z, Views: 56, User ID: 65f2bfc781f7828ddff0b636',
  level: 'info',
  timestamp: '2024-03-21T08:53:45.026Z'
}
{
  message: 'Session accessed again at: 2024-03-21T08:53:49.767Z, Views: 57, User ID: 65f2bfc781f7828ddff0b636',
  level: 'info',
  timestamp: '2024-03-21T08:53:49.767Z'
}
{
  message: 'Session accessed again at: 2024-03-21T08:53:49.783Z, Views: 58, User ID: 65f2bfc781f7828ddff0b636',
  level: 'info',
  timestamp: '2024-03-21T08:53:49.783Z'
}
{
  message: 'Session accessed again at: 2024-03-21T08:53:51.905Z, Views: 59, User ID: 65f2bfc781f7828ddff0b636',
  level: 'info',
  timestamp: '2024-03-21T08:53:51.905Z'
}
{
  message: 'Session accessed again at: 2024-03-21T08:53:51.918Z, Views: 60, User ID: 65f2bfc781f7828ddff0b636',
  level: 'info',
  timestamp: '2024-03-21T08:53:51.918Z'
}
{
  message: 'Server running at http://localhost:3000',
  level: 'info',
  timestamp: '2024-03-21T09:12:03.163Z'
}
{
  message: 'Database connected successfully',
  level: 'info',
  timestamp: '2024-03-21T09:12:03.181Z'
}
{
  message: 'Session accessed again at: 2024-03-21T09:12:06.190Z, Views: 61, User ID: 65f2bfc781f7828ddff0b636',
  level: 'info',
  timestamp: '2024-03-21T09:12:06.191Z'
}
{
  message: 'Session accessed again at: 2024-03-21T09:12:11.217Z, Views: 62, User ID: 65f2bfc781f7828ddff0b636',
  level: 'info',
  timestamp: '2024-03-21T09:12:11.217Z'
}
{
  message: 'Session accessed again at: 2024-03-21T09:12:26.735Z, Views: 63, User ID: 65f2bfc781f7828ddff0b636',
  level: 'info',
  timestamp: '2024-03-21T09:12:26.735Z'
}
{
  message: 'Session accessed again at: 2024-03-21T09:12:26.752Z, Views: 64, User ID: 65f2bfc781f7828ddff0b636',
  level: 'info',
  timestamp: '2024-03-21T09:12:26.752Z'
}
{
  message: 'Server running at http://localhost:3000',
  level: 'info',
  timestamp: '2024-03-21T09:21:53.172Z'
}
{
  message: 'Database connected successfully',
  level: 'info',
  timestamp: '2024-03-21T09:21:53.191Z'
}
{
  message: 'Session accessed again at: 2024-03-21T09:21:57.407Z, Views: 65, User ID: 65f2bfc781f7828ddff0b636',
  level: 'info',
  timestamp: '2024-03-21T09:21:57.407Z'
}
{
  message: 'Session accessed again at: 2024-03-21T09:22:01.832Z, Views: 66, User ID: 65f2bfc781f7828ddff0b636',
  level: 'info',
  timestamp: '2024-03-21T09:22:01.832Z'
}
{
  message: 'Session accessed again at: 2024-03-21T09:22:09.529Z, Views: 67, User ID: 65f2bfc781f7828ddff0b636',
  level: 'info',
  timestamp: '2024-03-21T09:22:09.529Z'
}
{
  message: 'Session accessed again at: 2024-03-21T09:22:09.547Z, Views: 68, User ID: 65f2bfc781f7828ddff0b636',
  level: 'info',
  timestamp: '2024-03-21T09:22:09.547Z'
}
{
  message: 'Session accessed again at: 2024-03-21T09:22:20.325Z, Views: 69, User ID: 65f2bfc781f7828ddff0b636',
  level: 'info',
  timestamp: '2024-03-21T09:22:20.325Z'
}
{
  message: 'Session accessed again at: 2024-03-21T09:22:20.344Z, Views: 70, User ID: 65f2bfc781f7828ddff0b636',
  level: 'info',
  timestamp: '2024-03-21T09:22:20.344Z'
}
{
  message: 'Session accessed again at: 2024-03-21T09:22:23.037Z, Views: 71, User ID: 65f2bfc781f7828ddff0b636',
  level: 'info',
  timestamp: '2024-03-21T09:22:23.037Z'
}
{
  message: 'Session accessed again at: 2024-03-21T09:22:23.051Z, Views: 72, User ID: 65f2bfc781f7828ddff0b636',
  level: 'info',
  timestamp: '2024-03-21T09:22:23.051Z'
}
{
  message: 'Server running at http://localhost:3001',
  level: 'info',
  timestamp: '2024-03-21T13:29:36.843Z'
}
{
  message: 'Database connected successfully',
  level: 'info',
  timestamp: '2024-03-21T13:29:36.862Z'
}
{
  message: 'Session accessed again at: 2024-03-21T13:30:11.761Z, Views: 73, User ID: 65f2bfc781f7828ddff0b636',
  level: 'info',
  timestamp: '2024-03-21T13:30:11.761Z'
}
{
  message: 'Session accessed again at: 2024-03-21T13:30:12.075Z, Views: 74, User ID: 65f2bfc781f7828ddff0b636',
  level: 'info',
  timestamp: '2024-03-21T13:30:12.075Z'
}
{
  message: 'Session accessed again at: 2024-03-21T13:30:17.939Z, Views: 75, User ID: 65f2bfc781f7828ddff0b636',
  level: 'info',
  timestamp: '2024-03-21T13:30:17.939Z'
}
{
  message: 'Session accessed again at: 2024-03-21T13:30:17.954Z, Views: 76, User ID: 65f2bfc781f7828ddff0b636',
  level: 'info',
  timestamp: '2024-03-21T13:30:17.954Z'
}
{
  message: 'Session accessed again at: 2024-03-21T13:30:42.544Z, Views: 77, User ID: 65f2bfc781f7828ddff0b636',
  level: 'info',
  timestamp: '2024-03-21T13:30:42.544Z'
}
{
  message: 'Session accessed again at: 2024-03-21T13:30:42.558Z, Views: 78, User ID: 65f2bfc781f7828ddff0b636',
  level: 'info',
  timestamp: '2024-03-21T13:30:42.558Z'
}
{
  message: 'Session accessed again at: 2024-03-21T13:30:45.005Z, Views: 79, User ID: 65f2bfc781f7828ddff0b636',
  level: 'info',
  timestamp: '2024-03-21T13:30:45.005Z'
}
{
  message: 'Session accessed again at: 2024-03-21T13:30:45.016Z, Views: 80, User ID: 65f2bfc781f7828ddff0b636',
  level: 'info',
  timestamp: '2024-03-21T13:30:45.016Z'
}
{
  message: 'Session accessed again at: 2024-03-21T13:30:56.076Z, Views: 81, User ID: 65f2bfc781f7828ddff0b636',
  level: 'info',
  timestamp: '2024-03-21T13:30:56.076Z'
}
{
  message: 'Session accessed again at: 2024-03-21T13:30:56.088Z, Views: 82, User ID: 65f2bfc781f7828ddff0b636',
  level: 'info',
  timestamp: '2024-03-21T13:30:56.088Z'
}
{
  message: 'Server running at http://localhost:3001',
  level: 'info',
  timestamp: '2024-03-21T13:41:52.671Z'
}
{
  message: 'Database connected successfully',
  level: 'info',
  timestamp: '2024-03-21T13:41:52.687Z'
}
{
  message: 'Session accessed again at: 2024-03-21T13:41:55.404Z, Views: 83, User ID: 65f2bfc781f7828ddff0b636',
  level: 'info',
  timestamp: '2024-03-21T13:41:55.404Z'
}
{
  message: 'Session accessed again at: 2024-03-21T13:42:03.543Z, Views: 84, User ID: 65f2bfc781f7828ddff0b636',
  level: 'info',
  timestamp: '2024-03-21T13:42:03.543Z'
}
{
  message: 'Session accessed again at: 2024-03-21T13:42:03.559Z, Views: 85, User ID: 65f2bfc781f7828ddff0b636',
  level: 'info',
  timestamp: '2024-03-21T13:42:03.559Z'
}
{
  message: 'Session accessed again at: 2024-03-21T13:42:36.440Z, Views: 86, User ID: 65f2bfc781f7828ddff0b636',
  level: 'info',
  timestamp: '2024-03-21T13:42:36.440Z'
}
{
  message: 'Session accessed again at: 2024-03-21T13:42:36.453Z, Views: 87, User ID: 65f2bfc781f7828ddff0b636',
  level: 'info',
  timestamp: '2024-03-21T13:42:36.453Z'
}
{
  message: 'Session accessed again at: 2024-03-21T13:42:41.035Z, Views: 88, User ID: 65f2bfc781f7828ddff0b636',
  level: 'info',
  timestamp: '2024-03-21T13:42:41.035Z'
}
{
  message: 'Session accessed again at: 2024-03-21T13:42:41.047Z, Views: 89, User ID: 65f2bfc781f7828ddff0b636',
  level: 'info',
  timestamp: '2024-03-21T13:42:41.047Z'
}
{
  message: 'Server running at http://localhost:3001',
  level: 'info',
  timestamp: '2024-03-21T13:49:47.566Z'
}
{
  message: 'Database connected successfully',
  level: 'info',
  timestamp: '2024-03-21T13:49:47.585Z'
}
{
  message: 'Session accessed again at: 2024-03-21T13:49:56.538Z, Views: 90, User ID: 65f2bfc781f7828ddff0b636',
  level: 'info',
  timestamp: '2024-03-21T13:49:56.538Z'
}
{
  message: 'Session accessed again at: 2024-03-21T13:50:00.337Z, Views: 91, User ID: 65f2bfc781f7828ddff0b636',
  level: 'info',
  timestamp: '2024-03-21T13:50:00.337Z'
}
{
  message: 'Session accessed again at: 2024-03-21T13:50:00.355Z, Views: 92, User ID: 65f2bfc781f7828ddff0b636',
  level: 'info',
  timestamp: '2024-03-21T13:50:00.355Z'
}
{
  message: 'Session accessed again at: 2024-03-21T13:50:14.830Z, Views: 93, User ID: 65f2bfc781f7828ddff0b636',
  level: 'info',
  timestamp: '2024-03-21T13:50:14.830Z'
}
{
  message: 'Session accessed again at: 2024-03-21T13:50:14.843Z, Views: 94, User ID: 65f2bfc781f7828ddff0b636',
  level: 'info',
  timestamp: '2024-03-21T13:50:14.843Z'
}
{
  message: 'Session accessed again at: 2024-03-21T13:50:21.402Z, Views: 95, User ID: 65f2bfc781f7828ddff0b636',
  level: 'info',
  timestamp: '2024-03-21T13:50:21.402Z'
}
{
  message: 'Session accessed again at: 2024-03-21T13:50:21.416Z, Views: 96, User ID: 65f2bfc781f7828ddff0b636',
  level: 'info',
  timestamp: '2024-03-21T13:50:21.416Z'
}
{
  message: 'Session accessed again at: 2024-03-21T13:50:24.104Z, Views: 97, User ID: 65f2bfc781f7828ddff0b636',
  level: 'info',
  timestamp: '2024-03-21T13:50:24.104Z'
}
{
  message: 'Session accessed again at: 2024-03-21T13:50:24.118Z, Views: 98, User ID: 65f2bfc781f7828ddff0b636',
  level: 'info',
  timestamp: '2024-03-21T13:50:24.118Z'
}
{
  message: 'Server running at http://localhost:3000',
  level: 'info',
  timestamp: '2024-03-21T13:52:55.339Z'
}
{
  message: 'Database connected successfully',
  level: 'info',
  timestamp: '2024-03-21T13:52:55.358Z'
}
{
  message: 'Session accessed again at: 2024-03-21T13:53:02.177Z, Views: 99, User ID: 65f2bfc781f7828ddff0b636',
  level: 'info',
  timestamp: '2024-03-21T13:53:02.177Z'
}
{
  message: 'Session accessed again at: 2024-03-21T13:53:14.124Z, Views: 100, User ID: 65f2bfc781f7828ddff0b636',
  level: 'info',
  timestamp: '2024-03-21T13:53:14.124Z'
}
{
  message: 'Session accessed again at: 2024-03-21T13:53:16.138Z, Views: 101, User ID: 65f2bfc781f7828ddff0b636',
  level: 'info',
  timestamp: '2024-03-21T13:53:16.138Z'
}
{
  message: 'Session accessed again at: 2024-03-21T13:53:17.175Z, Views: 102, User ID: 65f2bfc781f7828ddff0b636',
  level: 'info',
  timestamp: '2024-03-21T13:53:17.175Z'
}
{
  message: 'Session accessed again at: 2024-03-21T13:53:22.948Z, Views: 103, User ID: 65f2bfc781f7828ddff0b636',
  level: 'info',
  timestamp: '2024-03-21T13:53:22.948Z'
}
